12:37:41 PM: DEBUG [cursor_pool.py:12] Iniciando el metodo: "__enter__"
12:37:41 PM: DEBUG [conexion.py:29] Se ha obtenido la conexion: <psycopg2.pool.SimpleConnectionPool object at 0x7fc647ebff70>
12:37:41 PM: DEBUG [conexion.py:41] Conexion obtenida correctamente: <connection object at 0x7fc64803a0c0; dsn: 'user=javi password=xxx dbname=trading host=localhost port=5432', closed: 0>
12:37:41 PM: DEBUG [cursor_pool.py:22] Ejecutando el metodo: "__exit__"
12:37:41 PM: DEBUG [cursor_pool.py:29] Commit de la transaccion
12:37:41 PM: DEBUG [conexion.py:32] Se ha retornado la conexion: <psycopg2.pool.SimpleConnectionPool object at 0x7fc647ebff70>
12:37:41 PM: DEBUG [conexion.py:51] Conexion liberada correctamente: <connection object at 0x7fc64803a0c0; dsn: 'user=javi password=xxx dbname=trading host=localhost port=5432', closed: 0>
12:37:46 PM: DEBUG [cursor_pool.py:12] Iniciando el metodo: "__enter__"
12:37:46 PM: DEBUG [conexion.py:32] Se ha retornado la conexion: <psycopg2.pool.SimpleConnectionPool object at 0x7fc647ebff70>
12:37:46 PM: DEBUG [conexion.py:41] Conexion obtenida correctamente: <connection object at 0x7fc64803a0c0; dsn: 'user=javi password=xxx dbname=trading host=localhost port=5432', closed: 0>
12:37:46 PM: DEBUG [cursor_pool.py:22] Ejecutando el metodo: "__exit__"
12:37:46 PM: DEBUG [cursor_pool.py:29] Commit de la transaccion
12:37:46 PM: DEBUG [conexion.py:32] Se ha retornado la conexion: <psycopg2.pool.SimpleConnectionPool object at 0x7fc647ebff70>
12:37:46 PM: DEBUG [conexion.py:51] Conexion liberada correctamente: <connection object at 0x7fc64803a0c0; dsn: 'user=javi password=xxx dbname=trading host=localhost port=5432', closed: 0>
12:37:47 PM: DEBUG [cursor_pool.py:12] Iniciando el metodo: "__enter__"
12:37:47 PM: DEBUG [conexion.py:32] Se ha retornado la conexion: <psycopg2.pool.SimpleConnectionPool object at 0x7fc647ebff70>
12:37:47 PM: DEBUG [conexion.py:41] Conexion obtenida correctamente: <connection object at 0x7fc64803a0c0; dsn: 'user=javi password=xxx dbname=trading host=localhost port=5432', closed: 0>
12:37:47 PM: DEBUG [cursor_pool.py:22] Ejecutando el metodo: "__exit__"
12:37:47 PM: DEBUG [cursor_pool.py:29] Commit de la transaccion
12:37:47 PM: DEBUG [conexion.py:32] Se ha retornado la conexion: <psycopg2.pool.SimpleConnectionPool object at 0x7fc647ebff70>
12:37:47 PM: DEBUG [conexion.py:51] Conexion liberada correctamente: <connection object at 0x7fc64803a0c0; dsn: 'user=javi password=xxx dbname=trading host=localhost port=5432', closed: 0>
12:39:41 PM: DEBUG [cursor_pool.py:12] Iniciando el metodo: "__enter__"
12:39:41 PM: DEBUG [conexion.py:29] Se ha obtenido la conexion: <psycopg2.pool.SimpleConnectionPool object at 0x7fd7c842ff70>
12:39:41 PM: DEBUG [conexion.py:41] Conexion obtenida correctamente: <connection object at 0x7fd7c85a6200; dsn: 'user=javi password=xxx dbname=trading host=localhost port=5432', closed: 0>
12:39:41 PM: DEBUG [cursor_pool.py:22] Ejecutando el metodo: "__exit__"
12:39:41 PM: DEBUG [cursor_pool.py:29] Commit de la transaccion
12:39:41 PM: DEBUG [cursor_pool.py:31] Cursor cerrado correctamente: <cursor object at 0x7fd7c857fb50; closed: -1>
12:39:41 PM: DEBUG [conexion.py:32] Se ha retornado la conexion: <psycopg2.pool.SimpleConnectionPool object at 0x7fd7c842ff70>
12:39:41 PM: DEBUG [conexion.py:51] Conexion liberada correctamente: <connection object at 0x7fd7c85a6200; dsn: 'user=javi password=xxx dbname=trading host=localhost port=5432', closed: 0>
